<?xml version="1.0" encoding="UTF-8"?>
<!-- Generated by org.testng.reporters.JUnitReportReporter -->
<testsuite skipped="0" hostname="krish" name="grid.c1" tests="2" failures="0" timestamp="2023-04-13T21:02:41 IST" time="6.469" errors="0">
  <testcase name="setup" time="3.180" classname="grid.c1"/>
  <system-out/>
  <testcase name="login" time="3.289" classname="grid.c1"/>
  <system-out/>
</testsuite> <!-- grid.c1 -->
