<?xml version="1.0" encoding="UTF-8"?>
<!-- Generated by org.testng.reporters.JUnitReportReporter -->
<testsuite skipped="0" hostname="krish" name="filehandling.f1" tests="1" failures="0" timestamp="2023-04-06T21:39:13 IST" time="0.701" errors="0">
  <testcase name="t1" time="0.701" classname="filehandling.f1"/>
  <system-out/>
</testsuite> <!-- filehandling.f1 -->
