<?xml version="1.0" encoding="UTF-8"?>
<!-- Generated by org.testng.reporters.JUnitReportReporter -->
<testsuite skipped="0" hostname="krish" name="pack2.c3" tests="1" failures="0" timestamp="2023-04-05T21:39:58 IST" time="10.313" errors="0">
  <testcase name="t3" time="10.313" classname="pack2.c3"/>
  <system-out/>
</testsuite> <!-- pack2.c3 -->
