<?xml version="1.0" encoding="UTF-8"?>
<!-- Generated by org.testng.reporters.JUnitReportReporter -->
<testsuite skipped="0" hostname="krish" name="extent.e1" tests="1" failures="0" timestamp="2023-04-11T21:15:29 IST" time="4.508" errors="0">
  <testcase name="extentReportsDemo" time="4.508" classname="extent.e1"/>
  <system-out/>
</testsuite> <!-- extent.e1 -->
