<?xml version="1.0" encoding="UTF-8"?>
<!-- Generated by org.testng.reporters.JUnitReportReporter -->
<testsuite skipped="0" hostname="krish" name="dataprovider.d1" tests="3" failures="0" timestamp="2023-04-11T21:24:23 IST" time="24.655" errors="0">
  <testcase name="DataProvSampleTest" time="6.614" classname="dataprovider.d1"/>
  <system-out/>
  <testcase name="DataProvSampleTest" time="6.530" classname="dataprovider.d1"/>
  <system-out/>
  <testcase name="DataProvSampleTest" time="11.511" classname="dataprovider.d1"/>
  <system-out/>
</testsuite> <!-- dataprovider.d1 -->
